INFO:root:Time of log file: 2017-04-17 15:22:19
INFO:root:Retrieving today's data
INFO:root:Creating today's csv
INFO:root:data found at index: 30
INFO:root:Start of plotting section
INFO:root:Retrieving today's data
INFO:root:Creating today's csv
INFO:root:data found at index: 30
INFO:root:Start of plotting section
INFO:root:Time of log file: 2017-04-17 15:42:42
INFO:root:Retrieving today's data
INFO:root:Creating today's csv
INFO:root:data found at index: 30
INFO:root:Start of plotting section
INFO:root:Retrieving today's data
INFO:root:Creating today's csv
INFO:root:data found at index: 30
INFO:root:Start of plotting section
INFO:root:Time of log file: 2017-04-17 15:50:32
INFO:root:Retrieving today's data
INFO:root:Creating today's csv
INFO:root:data found at index: 30
INFO:root:Start of plotting section
INFO:root:Retrieving today's data
INFO:root:Creating today's csv
INFO:root:data found at index: 30
INFO:root:Start of plotting section
INFO:root:Time of log file: 2017-04-17 15:54:17
INFO:root:Retrieving today's data
INFO:root:Creating today's csv
INFO:root:data found at index: 30
INFO:root:Start of plotting section
INFO:root:Retrieving today's data
INFO:root:Creating today's csv
INFO:root:data found at index: 30
INFO:root:Start of plotting section
INFO:root:Time of log file: 2017-04-18 18:00:38
INFO:root:Retrieving today's data
INFO:root:Creating today's csv
INFO:root:data found at index: 30
INFO:root:Start of plotting section
INFO:root:Retrieving today's data
INFO:root:Creating today's csv
INFO:root:data found at index: 30
INFO:root:Start of plotting section
INFO:root:Time of log file: 2017-04-18 18:12:51
INFO:root:Retrieving today's data
INFO:root:Time of log file: 2017-04-20 11:39:18
INFO:root:Retrieving today's data
INFO:root:Creating today's csv
INFO:root:data found at index: 30
INFO:root:Start of plotting section
INFO:root:Retrieving today's data
INFO:root:Creating today's csv
INFO:root:data found at index: 30
INFO:root:Start of plotting section
